<?xml version="1.0" encoding="UTF-8"?>
<testng-results skipped="1" failed="1" ignored="0" total="3" passed="1">
  <reporter-output>
  </reporter-output>
  <suite name="Default suite" duration-ms="23026" started-at="2018-10-31T18:51:29Z" finished-at="2018-10-31T18:51:52Z">
    <groups>
    </groups>
    <test name="Default test" duration-ms="23026" started-at="2018-10-31T18:51:29Z" finished-at="2018-10-31T18:51:52Z">
      <class name="com.abhinav.datadrivenframework.DummyTestA">
        <test-method status="PASS" signature="initi()[pri:0, instance:com.abhinav.datadrivenframework.DummyTestA@add0edd]" name="initi" is-config="true" duration-ms="4" started-at="2018-10-31T18:51:29Z" finished-at="2018-10-31T18:51:29Z">
          <reporter-output>
          </reporter-output>
        </test-method> <!-- initi -->
        <test-method status="FAIL" signature="TestA1(java.util.Hashtable)[pri:0, instance:com.abhinav.datadrivenframework.DummyTestA@add0edd]" name="TestA1" duration-ms="15862" started-at="2018-10-31T18:51:29Z" data-provider="getdata" finished-at="2018-10-31T18:51:45Z">
          <params>
            <param index="0">
              <value>
                <![CDATA[{Col4=A5, Col3=A3, Col2=A2, Col1=A1, Runmode=Y, =}]]>
              </value>
            </param>
          </params>
          <exception class="org.openqa.selenium.TimeoutException">
            <message>
              <![CDATA[timeout
  (Session info: chrome=69.0.3497.100)
  (Driver info: chromedriver=2.36.540470 (e522d04694c7ebea4ba8821272dbef4f9b818c91),platform=Windows NT 10.0.14393 x86_64) (WARNING: The server did not provide any stacktrace information)
Command duration or timeout: 0 milliseconds
Build info: version: '3.14.0', revision: 'aacccce0', time: '2018-08-02T20:19:58.91Z'
System info: host: 'E5470-01381', ip: '10.2.113.61', os.name: 'Windows 10', os.arch: 'amd64', os.version: '10.0', java.version: '1.8.0_121'
Driver info: org.openqa.selenium.chrome.ChromeDriver
Capabilities {acceptInsecureCerts: false, acceptSslCerts: false, applicationCacheEnabled: false, browserConnectionEnabled: false, browserName: chrome, chrome: {chromedriverVersion: 2.36.540470 (e522d04694c7eb..., userDataDir: C:\Users\ABHINA~1.ABH\AppDa...}, cssSelectorsEnabled: true, databaseEnabled: false, handlesAlerts: true, hasTouchScreen: false, javascriptEnabled: true, locationContextEnabled: true, mobileEmulationEnabled: false, nativeEvents: true, networkConnectionEnabled: false, pageLoadStrategy: normal, platform: XP, platformName: XP, rotatable: false, setWindowRect: true, takesHeapSnapshot: true, takesScreenshot: true, unexpectedAlertBehaviour: , unhandledPromptBehavior: , version: 69.0.3497.100, webStorageEnabled: true}
Session ID: 3e2ffd90a81af3978aa7fcf2ba177fd7]]>
            </message>
            <full-stacktrace>
              <![CDATA[org.openqa.selenium.TimeoutException: timeout
  (Session info: chrome=69.0.3497.100)
  (Driver info: chromedriver=2.36.540470 (e522d04694c7ebea4ba8821272dbef4f9b818c91),platform=Windows NT 10.0.14393 x86_64) (WARNING: The server did not provide any stacktrace information)
Command duration or timeout: 0 milliseconds
Build info: version: '3.14.0', revision: 'aacccce0', time: '2018-08-02T20:19:58.91Z'
System info: host: 'E5470-01381', ip: '10.2.113.61', os.name: 'Windows 10', os.arch: 'amd64', os.version: '10.0', java.version: '1.8.0_121'
Driver info: org.openqa.selenium.chrome.ChromeDriver
Capabilities {acceptInsecureCerts: false, acceptSslCerts: false, applicationCacheEnabled: false, browserConnectionEnabled: false, browserName: chrome, chrome: {chromedriverVersion: 2.36.540470 (e522d04694c7eb..., userDataDir: C:\Users\ABHINA~1.ABH\AppDa...}, cssSelectorsEnabled: true, databaseEnabled: false, handlesAlerts: true, hasTouchScreen: false, javascriptEnabled: true, locationContextEnabled: true, mobileEmulationEnabled: false, nativeEvents: true, networkConnectionEnabled: false, pageLoadStrategy: normal, platform: XP, platformName: XP, rotatable: false, setWindowRect: true, takesHeapSnapshot: true, takesScreenshot: true, unexpectedAlertBehaviour: , unhandledPromptBehavior: , version: 69.0.3497.100, webStorageEnabled: true}
Session ID: 3e2ffd90a81af3978aa7fcf2ba177fd7
at sun.reflect.NativeConstructorAccessorImpl.newInstance0(Native Method)
at sun.reflect.NativeConstructorAccessorImpl.newInstance(Unknown Source)
at sun.reflect.DelegatingConstructorAccessorImpl.newInstance(Unknown Source)
at java.lang.reflect.Constructor.newInstance(Unknown Source)
at org.openqa.selenium.remote.ErrorHandler.createThrowable(ErrorHandler.java:214)
at org.openqa.selenium.remote.ErrorHandler.throwIfResponseFailed(ErrorHandler.java:166)
at org.openqa.selenium.remote.http.JsonHttpResponseCodec.reconstructValue(JsonHttpResponseCodec.java:40)
at org.openqa.selenium.remote.http.AbstractHttpResponseCodec.decode(AbstractHttpResponseCodec.java:80)
at org.openqa.selenium.remote.http.AbstractHttpResponseCodec.decode(AbstractHttpResponseCodec.java:44)
at org.openqa.selenium.remote.HttpCommandExecutor.execute(HttpCommandExecutor.java:158)
at org.openqa.selenium.remote.service.DriverCommandExecutor.execute(DriverCommandExecutor.java:83)
at org.openqa.selenium.remote.RemoteWebDriver.execute(RemoteWebDriver.java:548)
at org.openqa.selenium.remote.RemoteWebDriver.get(RemoteWebDriver.java:276)
at com.abhinav.datadrivenframework.base.BaseTest.navigate(BaseTest.java:89)
at com.abhinav.datadrivenframework.DummyTestA.TestA1(DummyTestA.java:37)
at sun.reflect.NativeMethodAccessorImpl.invoke0(Native Method)
at sun.reflect.NativeMethodAccessorImpl.invoke(Unknown Source)
at sun.reflect.DelegatingMethodAccessorImpl.invoke(Unknown Source)
at java.lang.reflect.Method.invoke(Unknown Source)
at org.testng.internal.MethodInvocationHelper.invokeMethod(MethodInvocationHelper.java:124)
at org.testng.internal.Invoker.invokeMethod(Invoker.java:583)
at org.testng.internal.Invoker.invokeTestMethod(Invoker.java:719)
at org.testng.internal.Invoker.invokeTestMethods(Invoker.java:989)
at org.testng.internal.TestMethodWorker.invokeTestMethods(TestMethodWorker.java:125)
at org.testng.internal.TestMethodWorker.run(TestMethodWorker.java:109)
at org.testng.TestRunner.privateRun(TestRunner.java:648)
at org.testng.TestRunner.run(TestRunner.java:505)
at org.testng.SuiteRunner.runTest(SuiteRunner.java:455)
at org.testng.SuiteRunner.runSequentially(SuiteRunner.java:450)
at org.testng.SuiteRunner.privateRun(SuiteRunner.java:415)
at org.testng.SuiteRunner.run(SuiteRunner.java:364)
at org.testng.SuiteRunnerWorker.runSuite(SuiteRunnerWorker.java:52)
at org.testng.SuiteRunnerWorker.run(SuiteRunnerWorker.java:84)
at org.testng.TestNG.runSuitesSequentially(TestNG.java:1208)
at org.testng.TestNG.runSuitesLocally(TestNG.java:1137)
at org.testng.TestNG.runSuites(TestNG.java:1049)
at org.testng.TestNG.run(TestNG.java:1017)
at org.testng.remote.AbstractRemoteTestNG.run(AbstractRemoteTestNG.java:114)
at org.testng.remote.RemoteTestNG.initAndRun(RemoteTestNG.java:251)
at org.testng.remote.RemoteTestNG.main(RemoteTestNG.java:77)
]]>
            </full-stacktrace>
          </exception> <!-- org.openqa.selenium.TimeoutException -->
          <reporter-output>
          </reporter-output>
        </test-method> <!-- TestA1 -->
        <test-method status="PASS" signature="quit()[pri:0, instance:com.abhinav.datadrivenframework.DummyTestA@add0edd]" name="quit" is-config="true" duration-ms="234" started-at="2018-10-31T18:51:45Z" finished-at="2018-10-31T18:51:45Z">
          <reporter-output>
          </reporter-output>
        </test-method> <!-- quit -->
        <test-method status="SKIP" signature="TestA1(java.util.Hashtable)[pri:0, instance:com.abhinav.datadrivenframework.DummyTestA@add0edd]" name="TestA1" duration-ms="2" started-at="2018-10-31T18:51:45Z" data-provider="getdata" finished-at="2018-10-31T18:51:45Z">
          <params>
            <param index="0">
              <value>
                <![CDATA[{Col4=A9, Col3=A8, Col2=A7, Col1=A6, Runmode=N, =}]]>
              </value>
            </param>
          </params>
          <exception class="org.testng.SkipException">
            <message>
              <![CDATA[This test data data is not selected for the run]]>
            </message>
            <full-stacktrace>
              <![CDATA[org.testng.SkipException: This test data data is not selected for the run
at com.abhinav.datadrivenframework.DummyTestA.TestA1(DummyTestA.java:29)
at sun.reflect.NativeMethodAccessorImpl.invoke0(Native Method)
at sun.reflect.NativeMethodAccessorImpl.invoke(Unknown Source)
at sun.reflect.DelegatingMethodAccessorImpl.invoke(Unknown Source)
at java.lang.reflect.Method.invoke(Unknown Source)
at org.testng.internal.MethodInvocationHelper.invokeMethod(MethodInvocationHelper.java:124)
at org.testng.internal.Invoker.invokeMethod(Invoker.java:583)
at org.testng.internal.Invoker.invokeTestMethod(Invoker.java:719)
at org.testng.internal.Invoker.invokeTestMethods(Invoker.java:989)
at org.testng.internal.TestMethodWorker.invokeTestMethods(TestMethodWorker.java:125)
at org.testng.internal.TestMethodWorker.run(TestMethodWorker.java:109)
at org.testng.TestRunner.privateRun(TestRunner.java:648)
at org.testng.TestRunner.run(TestRunner.java:505)
at org.testng.SuiteRunner.runTest(SuiteRunner.java:455)
at org.testng.SuiteRunner.runSequentially(SuiteRunner.java:450)
at org.testng.SuiteRunner.privateRun(SuiteRunner.java:415)
at org.testng.SuiteRunner.run(SuiteRunner.java:364)
at org.testng.SuiteRunnerWorker.runSuite(SuiteRunnerWorker.java:52)
at org.testng.SuiteRunnerWorker.run(SuiteRunnerWorker.java:84)
at org.testng.TestNG.runSuitesSequentially(TestNG.java:1208)
at org.testng.TestNG.runSuitesLocally(TestNG.java:1137)
at org.testng.TestNG.runSuites(TestNG.java:1049)
at org.testng.TestNG.run(TestNG.java:1017)
at org.testng.remote.AbstractRemoteTestNG.run(AbstractRemoteTestNG.java:114)
at org.testng.remote.RemoteTestNG.initAndRun(RemoteTestNG.java:251)
at org.testng.remote.RemoteTestNG.main(RemoteTestNG.java:77)
]]>
            </full-stacktrace>
          </exception> <!-- org.testng.SkipException -->
          <reporter-output>
          </reporter-output>
        </test-method> <!-- TestA1 -->
        <test-method status="PASS" signature="initi()[pri:0, instance:com.abhinav.datadrivenframework.DummyTestA@add0edd]" name="initi" is-config="true" duration-ms="0" started-at="2018-10-31T18:51:45Z" finished-at="2018-10-31T18:51:45Z">
          <reporter-output>
          </reporter-output>
        </test-method> <!-- initi -->
        <test-method status="PASS" signature="quit()[pri:0, instance:com.abhinav.datadrivenframework.DummyTestA@add0edd]" name="quit" is-config="true" duration-ms="52" started-at="2018-10-31T18:51:45Z" finished-at="2018-10-31T18:51:45Z">
          <reporter-output>
          </reporter-output>
        </test-method> <!-- quit -->
        <test-method status="PASS" signature="TestA1(java.util.Hashtable)[pri:0, instance:com.abhinav.datadrivenframework.DummyTestA@add0edd]" name="TestA1" duration-ms="6345" started-at="2018-10-31T18:51:45Z" data-provider="getdata" finished-at="2018-10-31T18:51:52Z">
          <params>
            <param index="0">
              <value>
                <![CDATA[{Col4=A13, Col3=A12, Col2=A11, Col1=A10, Runmode=Y, =}]]>
              </value>
            </param>
          </params>
          <reporter-output>
          </reporter-output>
        </test-method> <!-- TestA1 -->
        <test-method status="PASS" signature="initi()[pri:0, instance:com.abhinav.datadrivenframework.DummyTestA@add0edd]" name="initi" is-config="true" duration-ms="0" started-at="2018-10-31T18:51:45Z" finished-at="2018-10-31T18:51:45Z">
          <reporter-output>
          </reporter-output>
        </test-method> <!-- initi -->
        <test-method status="PASS" signature="quit()[pri:0, instance:com.abhinav.datadrivenframework.DummyTestA@add0edd]" name="quit" is-config="true" duration-ms="48" started-at="2018-10-31T18:51:52Z" finished-at="2018-10-31T18:51:52Z">
          <reporter-output>
          </reporter-output>
        </test-method> <!-- quit -->
      </class> <!-- com.abhinav.datadrivenframework.DummyTestA -->
    </test> <!-- Default test -->
  </suite> <!-- Default suite -->
</testng-results>
